<?xml version="1.0" encoding="UTF-8"?>
<!-- Generated by org.testng.reporters.JUnitXMLReporter -->
<testsuite ignored="4" hostname="BLLCLAPUS1410" failures="0" tests="1" name="Default test" time="7.799" errors="0" timestamp="2022-02-23T10:33:29 PST">
  <testcase classname="com.videogame.VideoGameDB.VideoGameTest" name="verifyReturnsAlltheVideosGamesInTheDB" time="7.668"/>
  <testcase classname="com.videogame.VideoGameDB.VideoGameTest" name="verifyAddANewVideosGameInTheDB" time="0.0">
    <ignored/>
  </testcase> <!-- verifyAddANewVideosGameInTheDB -->
  <testcase classname="com.videogame.VideoGameDB.VideoGameTest" name="verifyUpdateVideoGameById" time="0.0">
    <ignored/>
  </testcase> <!-- verifyUpdateVideoGameById -->
  <testcase classname="com.videogame.VideoGameDB.VideoGameTest" name="verifyDeleteVideoGameById" time="0.0">
    <ignored/>
  </testcase> <!-- verifyDeleteVideoGameById -->
  <testcase classname="com.videogame.VideoGameDB.VideoGameTest" name="verifyReturnsSingleVideoGameById" time="0.0">
    <ignored/>
  </testcase> <!-- verifyReturnsSingleVideoGameById -->
</testsuite> <!-- Default test -->
