<?xml version="1.0" encoding="UTF-8"?>
<testng-results ignored="4" total="5" passed="1" failed="0" skipped="0">
  <reporter-output>
  </reporter-output>
  <suite started-at="2022-02-23T10:33:21 PST" name="Default suite" finished-at="2022-02-23T10:33:29 PST" duration-ms="7799">
    <groups>
    </groups>
    <test started-at="2022-02-23T10:33:21 PST" name="Default test" finished-at="2022-02-23T10:33:29 PST" duration-ms="7799">
      <class name="com.videogame.VideoGameDB.VideoGameTest">
        <test-method signature="verifyReturnsAlltheVideosGamesInTheDB()[pri:0, instance:com.videogame.VideoGameDB.VideoGameTest@a9cd3b1]" started-at="2022-02-23T10:33:21 PST" name="verifyReturnsAlltheVideosGamesInTheDB" finished-at="2022-02-23T10:33:29 PST" duration-ms="7668" status="PASS">
          <reporter-output>
          </reporter-output>
        </test-method> <!-- verifyReturnsAlltheVideosGamesInTheDB -->
      </class> <!-- com.videogame.VideoGameDB.VideoGameTest -->
    </test> <!-- Default test -->
  </suite> <!-- Default suite -->
</testng-results>
